[09/02/2022 11:46:58] Debug: Session id: c5911925-d5d2-4444-9fa0-67a4e0befd08
[09/02/2022 11:46:58] Debug: Code Processor information: Name :SnowConvert, Version: 7.11.81.0
[09/02/2022 11:46:59] Debug: Getting license
[09/02/2022 11:46:59] Debug: License information
	Status: Failed
	Message: No active license available.
[09/02/2022 11:46:59] Info: Starting to validate parameters
[09/02/2022 11:46:59] Info: Parameters to validate: 
	Execution mode: Conversion
	LICENSE_KEY: a3372138-b87e-4a08-b929-3b48b24c63f1
[09/02/2022 11:46:59] Info: Validation of parameters: Success
[09/02/2022 11:46:59] Debug: Getting code descriptor
[09/02/2022 11:46:59] Debug: Code descriptor information
	Units: 51
	Units type: LOC
	All file bytes: 2141
	All found extensions: .sql,.dml,.ddl,.bteq,.btq,.fl,.fload,.ml,.mload,.mld,.tp,.tpump,.tpt
[09/02/2022 11:46:59] Debug: Calculating fingerprint
[09/02/2022 11:46:59] Debug: Fingerprint information Fingerprint(size=2141,projects=1)
[09/02/2022 11:46:59] Info: Starting to try to validate online license for execution
[09/02/2022 11:47:00] Debug: Getting license
[09/02/2022 11:47:00] Debug: License information
	Status: Failed
	Message: No active license available.
[09/02/2022 11:47:00] Debug: Starting the execution of the controller
[09/02/2022 11:47:01] Debug: Executing the worker: SnowConvert
[09/02/2022 11:47:13] Debug: Finished executing the worker: SnowConvert
[09/02/2022 11:47:15] Info: Controller execution ended
